<?xml version="1.0" encoding="UTF-8"?>
<!-- Generated by org.testng.reporters.JUnitReportReporter -->
<testsuite hostname="MacBook-Pro.local" failures="0" tests="1" name="com.opencart.qa.CategoryTest" time="13.880" errors="0" timestamp="2021-06-03T19:45:33 MSK" skipped="0">
  <testcase classname="com.opencart.qa.CategoryTest" name="testAddProduct" time="13.880"/>
  <system-out/>
</testsuite> <!-- com.opencart.qa.CategoryTest -->
